[0.048s] Invoking command in '/home/arnaureig/Documentos/GitHub/IR2121/tb3_ws/build/patrolling': /usr/bin/cmake --build /home/arnaureig/Documentos/GitHub/IR2121/tb3_ws/build/patrolling -- -j6 -l6
[0.101s] -- Found ament_cmake: 0.9.12 (/opt/ros/foxy/share/ament_cmake/cmake)
[0.417s] -- Using PYTHON_EXECUTABLE: /usr/bin/python3
[0.946s] -- Found rclcpp: 2.4.3 (/opt/ros/foxy/share/rclcpp/cmake)
[1.027s] -- Using all available rosidl_typesupport_c: rosidl_typesupport_introspection_c;rosidl_typesupport_fastrtps_c
[1.029s] -- Found rosidl_adapter: 1.3.1 (/opt/ros/foxy/share/rosidl_adapter/cmake)
[1.270s] -- Using all available rosidl_typesupport_cpp: rosidl_typesupport_introspection_cpp;rosidl_typesupport_fastrtps_cpp
[1.314s] -- Found rmw_implementation_cmake: 1.0.4 (/opt/ros/foxy/share/rmw_implementation_cmake/cmake)
[1.339s] -- Using RMW implementation 'rmw_fastrtps_cpp' as default
[1.463s] -- Found geometry_msgs: 2.0.5 (/opt/ros/foxy/share/geometry_msgs/cmake)
[1.503s] -- Found nav_msgs: 2.0.5 (/home/arnaureig/ros2_foxy/install/nav_msgs/share/nav_msgs/cmake)
[1.604s] -- Found ament_lint_auto: 0.9.8 (/home/arnaureig/ros2_foxy/install/ament_lint_auto/share/ament_lint_auto/cmake)
[1.961s] Error parsing '/home/arnaureig/Documentos/GitHub/IR2121/tb3_ws/src/patrolling/package.xml':
[2.145s] Traceback (most recent call last):
[2.145s]   File "/opt/ros/foxy/share/ament_cmake_core/cmake/core/package_xml_2_cmake.py", line 143, in <module>
[2.145s]     main()
[2.145s]   File "/opt/ros/foxy/share/ament_cmake_core/cmake/core/package_xml_2_cmake.py", line 52, in main
[2.145s]     raise e
[2.145s]   File "/opt/ros/foxy/share/ament_cmake_core/cmake/core/package_xml_2_cmake.py", line 48, in main
[2.145s]     package = parse_package_string(
[2.146s]   File "/usr/lib/python3/dist-packages/catkin_pkg/package.py", line 786, in parse_package_string
[2.146s]     raise InvalidPackage('Error(s):%s' % (''.join(['\n- %s' % e for e in errors])), filename)
[2.146s] catkin_pkg.package.InvalidPackage: Error(s) in package '/home/arnaureig/Documentos/GitHub/IR2121/tb3_ws/src/patrolling/package.xml':
[2.146s] Error(s):
[2.146s] - The generic dependency on 'rclcpp' is redundant with: build_depend, build_export_depend, exec_depend
[2.174s] CMake Error at /opt/ros/foxy/share/ament_cmake_core/cmake/core/ament_package_xml.cmake:94 (message):
[2.174s]   execute_process(/usr/bin/python3
[2.174s]   /opt/ros/foxy/share/ament_cmake_core/cmake/core/package_xml_2_cmake.py
[2.174s]   /home/arnaureig/Documentos/GitHub/IR2121/tb3_ws/src/patrolling/package.xml
[2.174s]   /home/arnaureig/Documentos/GitHub/IR2121/tb3_ws/build/patrolling/ament_cmake_core/package.cmake)
[2.174s]   returned error code 1
[2.174s] Call Stack (most recent call first):
[2.175s]   /opt/ros/foxy/share/ament_cmake_core/cmake/core/ament_package_xml.cmake:49 (_ament_package_xml)
[2.175s]   /home/arnaureig/ros2_foxy/install/ament_lint_auto/share/ament_lint_auto/cmake/ament_lint_auto_find_test_dependencies.cmake:31 (ament_package_xml)
[2.175s]   CMakeLists.txt:35 (ament_lint_auto_find_test_dependencies)
[2.175s] 
[2.175s] 
[2.176s] -- Configuring incomplete, errors occurred!
[2.176s] See also "/home/arnaureig/Documentos/GitHub/IR2121/tb3_ws/build/patrolling/CMakeFiles/CMakeOutput.log".
[2.177s] See also "/home/arnaureig/Documentos/GitHub/IR2121/tb3_ws/build/patrolling/CMakeFiles/CMakeError.log".
[2.186s] make: *** [Makefile:266: cmake_check_build_system] Error 1
[2.189s] Invoked command in '/home/arnaureig/Documentos/GitHub/IR2121/tb3_ws/build/patrolling' returned '2': /usr/bin/cmake --build /home/arnaureig/Documentos/GitHub/IR2121/tb3_ws/build/patrolling -- -j6 -l6
