[0.055s] Invoking command in '/home/arnaureig/Documentos/GitHub/IR2121/tb3_ws/build/patrolling': CMAKE_PREFIX_PATH=${CMAKE_PREFIX_PATH}:/home/arnaureig/ros2_foxy/install/ros2bag:/home/arnaureig/ros2_foxy/install/tracetools_launch:/home/arnaureig/ros2_foxy/install/topic_monitor:/home/arnaureig/ros2_foxy/install/examples_tf2_py:/home/arnaureig/ros2_foxy/install/sros2:/home/arnaureig/ros2_foxy/install/rqt_topic:/home/arnaureig/ros2_foxy/install/rqt_top:/home/arnaureig/ros2_foxy/install/rqt_srv:/home/arnaureig/ros2_foxy/install/rqt_shell:/home/arnaureig/ros2_foxy/install/rqt_service_caller:/home/arnaureig/ros2_foxy/install/rqt_reconfigure:/home/arnaureig/ros2_foxy/install/rqt_py_console:/home/arnaureig/ros2_foxy/install/rqt_publisher:/home/arnaureig/ros2_foxy/install/rqt_plot:/home/arnaureig/ros2_foxy/install/rqt_action:/home/arnaureig/ros2_foxy/install/rqt_msg:/home/arnaureig/ros2_foxy/install/rqt_console:/home/arnaureig/ros2_foxy/install/rqt:/home/arnaureig/ros2_foxy/install/rqt_graph:/home/arnaureig/ros2_foxy/install/rqt_gui_py:/home/arnaureig/ros2_foxy/install/rqt_gui:/home/arnaureig/ros2_foxy/install/ros2trace:/home/arnaureig/ros2_foxy/install/ros2topic:/home/arnaureig/ros2_foxy/install/ros2test:/home/arnaureig/ros2_foxy/install/ros2component:/home/arnaureig/ros2_foxy/install/ros2param:/home/arnaureig/ros2_foxy/install/ros2lifecycle:/home/arnaureig/ros2_foxy/install/ros2service:/home/arnaureig/ros2_foxy/install/ros2run:/home/arnaureig/ros2_foxy/install/ros2launch:/home/arnaureig/ros2_foxy/install/ros2pkg:/home/arnaureig/ros2_foxy/install/ros2node:/home/arnaureig/ros2_foxy/install/ros2multicast:/home/arnaureig/ros2_foxy/install/ros2interface:/home/arnaureig/ros2_foxy/install/ros2doctor:/home/arnaureig/ros2_foxy/install/ros2action:/home/arnaureig/ros2_foxy/install/ros2cli:/home/arnaureig/ros2_foxy/install/quality_of_service_demo_py:/home/arnaureig/ros2_foxy/install/launch_testing_ros:/home/arnaureig/ros2_foxy/install/launch_ros:/home/arnaureig/ros2_foxy/install/examples_rclpy_minimal_subscriber:/home/arnaureig/ros2_foxy/install/examples_rclpy_minimal_service:/home/arnaureig/ros2_foxy/install/examples_rclpy_minimal_publisher:/home/arnaureig/ros2_foxy/install/examples_rclpy_minimal_client:/home/arnaureig/ros2_foxy/install/examples_rclpy_minimal_action_server:/home/arnaureig/ros2_foxy/install/examples_rclpy_minimal_action_client:/home/arnaureig/ros2_foxy/install/examples_rclpy_executors:/home/arnaureig/ros2_foxy/install/demo_nodes_py:/home/arnaureig/ros2_foxy/install/action_tutorials_py:/home/arnaureig/ros2_foxy/install/ament_uncrustify:/home/arnaureig/ros2_foxy/install/tracetools_trace:/home/arnaureig/ros2_foxy/install/tracetools_read:/home/arnaureig/ros2_foxy/install/test_launch_ros:/home/arnaureig/ros2_foxy/install/sensor_msgs_py:/home/arnaureig/ros2_foxy/install/rpyutils:/home/arnaureig/ros2_foxy/install/rosidl_runtime_py:/home/arnaureig/ros2_foxy/install/launch_yaml:/home/arnaureig/ros2_foxy/install/launch_xml:/home/arnaureig/ros2_foxy/install/launch_testing:/home/arnaureig/ros2_foxy/install/launch:/home/arnaureig/ros2_foxy/install/osrf_pycommon:/home/arnaureig/ros2_foxy/install/domain_coordinator:/home/arnaureig/ros2_foxy/install/ament_xmllint:/home/arnaureig/ros2_foxy/install/ament_pyflakes:/home/arnaureig/ros2_foxy/install/ament_pycodestyle:/home/arnaureig/ros2_foxy/install/ament_pep257:/home/arnaureig/ros2_foxy/install/ament_pclint:/home/arnaureig/ros2_foxy/install/ament_package:/home/arnaureig/ros2_foxy/install/ament_mypy:/home/arnaureig/ros2_foxy/install/ament_lint_cmake:/home/arnaureig/ros2_foxy/install/ament_flake8:/home/arnaureig/ros2_foxy/install/ament_copyright:/home/arnaureig/ros2_foxy/install/ament_lint:/home/arnaureig/ros2_foxy/install/ament_index_python:/home/arnaureig/ros2_foxy/install/ament_cpplint:/home/arnaureig/ros2_foxy/install/ament_cppcheck:/home/arnaureig/ros2_foxy/install/ament_clang_tidy:/home/arnaureig/ros2_foxy/install/ament_clang_format:/opt/ros/foxy /usr/bin/cmake --build /home/arnaureig/Documentos/GitHub/IR2121/tb3_ws/build/patrolling -- -j6 -l6
[0.161s] [35m[1mScanning dependencies of target patrolling[0m
[0.208s] [ 50%] [32mBuilding CXX object CMakeFiles/patrolling.dir/src/ver1.cpp.o[0m
[4.365s] [100%] [32m[1mLinking CXX executable patrolling[0m
[4.602s] /usr/bin/ld: CMakeFiles/patrolling.dir/src/ver1.cpp.o: in function `rclcpp::create_subscription_factory<nav_msgs::msg::Odometry_<std::allocator<void> >, void (&)(std::shared_ptr<nav_msgs::msg::Odometry_<std::allocator<void> > >), std::allocator<void>, nav_msgs::msg::Odometry_<std::allocator<void> >, rclcpp::Subscription<nav_msgs::msg::Odometry_<std::allocator<void> >, std::allocator<void>, rclcpp::message_memory_strategy::MessageMemoryStrategy<nav_msgs::msg::Odometry_<std::allocator<void> >, std::allocator<void> > >, rclcpp::message_memory_strategy::MessageMemoryStrategy<nav_msgs::msg::Odometry_<std::allocator<void> >, std::allocator<void> > >(void (&)(std::shared_ptr<nav_msgs::msg::Odometry_<std::allocator<void> > >), rclcpp::SubscriptionOptionsWithAllocator<std::allocator<void> > const&, rclcpp::message_memory_strategy::MessageMemoryStrategy<nav_msgs::msg::Odometry_<std::allocator<void> >, std::allocator<void> >::SharedPtr, std::shared_ptr<rclcpp::topic_statistics::SubscriptionTopicStatistics<nav_msgs::msg::Odometry_<std::allocator<void> > > >)::{lambda(rclcpp::node_interfaces::NodeBaseInterface*, std::__cxx11::basic_string<char, std::char_traits<char>, std::allocator<char> > const&, rclcpp::QoS const&)#1}::operator()(rclcpp::node_interfaces::NodeBaseInterface*, std::__cxx11::basic_string<char, std::char_traits<char>, std::allocator<char> > const&, rclcpp::QoS const&) const':
[4.602s] ver1.cpp:(.text._ZZN6rclcpp27create_subscription_factoryIN8nav_msgs3msg9Odometry_ISaIvEEERFvSt10shared_ptrIS5_EES4_S5_NS_12SubscriptionIS5_S4_NS_23message_memory_strategy21MessageMemoryStrategyIS5_S4_EEEESD_EENS_19SubscriptionFactoryEOT0_RKNS_32SubscriptionOptionsWithAllocatorIT1_EENT4_9SharedPtrES6_INS_16topic_statistics27SubscriptionTopicStatisticsIT2_EEEENKUlPNS_15node_interfaces17NodeBaseInterfaceERKNSt7__cxx1112basic_stringIcSt11char_traitsIcESaIcEEERKNS_3QoSEE_clESW_S14_S17_[_ZZN6rclcpp27create_subscription_factoryIN8nav_msgs3msg9Odometry_ISaIvEEERFvSt10shared_ptrIS5_EES4_S5_NS_12SubscriptionIS5_S4_NS_23message_memory_strategy21MessageMemoryStrategyIS5_S4_EEEESD_EENS_19SubscriptionFactoryEOT0_RKNS_32SubscriptionOptionsWithAllocatorIT1_EENT4_9SharedPtrES6_INS_16topic_statistics27SubscriptionTopicStatisticsIT2_EEEENKUlPNS_15node_interfaces17NodeBaseInterfaceERKNSt7__cxx1112basic_stringIcSt11char_traitsIcESaIcEEERKNS_3QoSEE_clESW_S14_S17_]+0x5c): undefined reference to `rosidl_message_type_support_t const* rosidl_typesupport_cpp::get_message_type_support_handle<nav_msgs::msg::Odometry_<std::allocator<void> > >()'
[4.602s] collect2: error: ld returned 1 exit status
[4.603s] make[2]: *** [CMakeFiles/patrolling.dir/build.make:136: patrolling] Error 1
[4.604s] make[1]: *** [CMakeFiles/Makefile2:78: CMakeFiles/patrolling.dir/all] Error 2
[4.604s] make: *** [Makefile:141: all] Error 2
[4.607s] Invoked command in '/home/arnaureig/Documentos/GitHub/IR2121/tb3_ws/build/patrolling' returned '2': CMAKE_PREFIX_PATH=${CMAKE_PREFIX_PATH}:/home/arnaureig/ros2_foxy/install/ros2bag:/home/arnaureig/ros2_foxy/install/tracetools_launch:/home/arnaureig/ros2_foxy/install/topic_monitor:/home/arnaureig/ros2_foxy/install/examples_tf2_py:/home/arnaureig/ros2_foxy/install/sros2:/home/arnaureig/ros2_foxy/install/rqt_topic:/home/arnaureig/ros2_foxy/install/rqt_top:/home/arnaureig/ros2_foxy/install/rqt_srv:/home/arnaureig/ros2_foxy/install/rqt_shell:/home/arnaureig/ros2_foxy/install/rqt_service_caller:/home/arnaureig/ros2_foxy/install/rqt_reconfigure:/home/arnaureig/ros2_foxy/install/rqt_py_console:/home/arnaureig/ros2_foxy/install/rqt_publisher:/home/arnaureig/ros2_foxy/install/rqt_plot:/home/arnaureig/ros2_foxy/install/rqt_action:/home/arnaureig/ros2_foxy/install/rqt_msg:/home/arnaureig/ros2_foxy/install/rqt_console:/home/arnaureig/ros2_foxy/install/rqt:/home/arnaureig/ros2_foxy/install/rqt_graph:/home/arnaureig/ros2_foxy/install/rqt_gui_py:/home/arnaureig/ros2_foxy/install/rqt_gui:/home/arnaureig/ros2_foxy/install/ros2trace:/home/arnaureig/ros2_foxy/install/ros2topic:/home/arnaureig/ros2_foxy/install/ros2test:/home/arnaureig/ros2_foxy/install/ros2component:/home/arnaureig/ros2_foxy/install/ros2param:/home/arnaureig/ros2_foxy/install/ros2lifecycle:/home/arnaureig/ros2_foxy/install/ros2service:/home/arnaureig/ros2_foxy/install/ros2run:/home/arnaureig/ros2_foxy/install/ros2launch:/home/arnaureig/ros2_foxy/install/ros2pkg:/home/arnaureig/ros2_foxy/install/ros2node:/home/arnaureig/ros2_foxy/install/ros2multicast:/home/arnaureig/ros2_foxy/install/ros2interface:/home/arnaureig/ros2_foxy/install/ros2doctor:/home/arnaureig/ros2_foxy/install/ros2action:/home/arnaureig/ros2_foxy/install/ros2cli:/home/arnaureig/ros2_foxy/install/quality_of_service_demo_py:/home/arnaureig/ros2_foxy/install/launch_testing_ros:/home/arnaureig/ros2_foxy/install/launch_ros:/home/arnaureig/ros2_foxy/install/examples_rclpy_minimal_subscriber:/home/arnaureig/ros2_foxy/install/examples_rclpy_minimal_service:/home/arnaureig/ros2_foxy/install/examples_rclpy_minimal_publisher:/home/arnaureig/ros2_foxy/install/examples_rclpy_minimal_client:/home/arnaureig/ros2_foxy/install/examples_rclpy_minimal_action_server:/home/arnaureig/ros2_foxy/install/examples_rclpy_minimal_action_client:/home/arnaureig/ros2_foxy/install/examples_rclpy_executors:/home/arnaureig/ros2_foxy/install/demo_nodes_py:/home/arnaureig/ros2_foxy/install/action_tutorials_py:/home/arnaureig/ros2_foxy/install/ament_uncrustify:/home/arnaureig/ros2_foxy/install/tracetools_trace:/home/arnaureig/ros2_foxy/install/tracetools_read:/home/arnaureig/ros2_foxy/install/test_launch_ros:/home/arnaureig/ros2_foxy/install/sensor_msgs_py:/home/arnaureig/ros2_foxy/install/rpyutils:/home/arnaureig/ros2_foxy/install/rosidl_runtime_py:/home/arnaureig/ros2_foxy/install/launch_yaml:/home/arnaureig/ros2_foxy/install/launch_xml:/home/arnaureig/ros2_foxy/install/launch_testing:/home/arnaureig/ros2_foxy/install/launch:/home/arnaureig/ros2_foxy/install/osrf_pycommon:/home/arnaureig/ros2_foxy/install/domain_coordinator:/home/arnaureig/ros2_foxy/install/ament_xmllint:/home/arnaureig/ros2_foxy/install/ament_pyflakes:/home/arnaureig/ros2_foxy/install/ament_pycodestyle:/home/arnaureig/ros2_foxy/install/ament_pep257:/home/arnaureig/ros2_foxy/install/ament_pclint:/home/arnaureig/ros2_foxy/install/ament_package:/home/arnaureig/ros2_foxy/install/ament_mypy:/home/arnaureig/ros2_foxy/install/ament_lint_cmake:/home/arnaureig/ros2_foxy/install/ament_flake8:/home/arnaureig/ros2_foxy/install/ament_copyright:/home/arnaureig/ros2_foxy/install/ament_lint:/home/arnaureig/ros2_foxy/install/ament_index_python:/home/arnaureig/ros2_foxy/install/ament_cpplint:/home/arnaureig/ros2_foxy/install/ament_cppcheck:/home/arnaureig/ros2_foxy/install/ament_clang_tidy:/home/arnaureig/ros2_foxy/install/ament_clang_format:/opt/ros/foxy /usr/bin/cmake --build /home/arnaureig/Documentos/GitHub/IR2121/tb3_ws/build/patrolling -- -j6 -l6
