[01m[K/home/arnaureig/Documentos/GitHub/IR2121/tb3_ws/src/patrolling/src/ver1.cpp:[m[K In function â€˜[01m[Kint main(int, char**)[m[Kâ€™:
[01m[K/home/arnaureig/Documentos/GitHub/IR2121/tb3_ws/src/patrolling/src/ver1.cpp:43:20:[m[K [01;31m[Kerror: [m[Kredeclaration of â€˜[01m[Krclcpp::WallRate loop_rate[m[Kâ€™
   43 |   rclcpp::WallRate [01;31m[Kloop_rate[m[K(300ms)
      |                    [01;31m[K^~~~~~~~~[m[K
[01m[K/home/arnaureig/Documentos/GitHub/IR2121/tb3_ws/src/patrolling/src/ver1.cpp:22:20:[m[K [01;36m[Knote: [m[Kâ€˜[01m[Krclcpp::WallRate loop_rate[m[Kâ€™ previously declared here
   22 |   rclcpp::WallRate [01;36m[Kloop_rate[m[K(2);
      |                    [01;36m[K^~~~~~~~~[m[K
[01m[K/home/arnaureig/Documentos/GitHub/IR2121/tb3_ws/src/patrolling/src/ver1.cpp:43:30:[m[K [01;31m[Kerror: [m[Kunable to find numeric literal operator â€˜[01m[Koperator""ms[m[Kâ€™
   43 |   rclcpp::WallRate loop_rate([01;31m[K300ms[m[K)
      |                              [01;31m[K^~~~~[m[K
[01m[K/home/arnaureig/Documentos/GitHub/IR2121/tb3_ws/src/patrolling/src/ver1.cpp:42:7:[m[K [01;35m[Kwarning: [m[Kunused variable â€˜[01m[Kcont[m[Kâ€™ [[01;35m[K-Wunused-variable[m[K]
   42 |   int [01;35m[Kcont[m[K = 0;
      |       [01;35m[K^~~~[m[K
make[2]: *** [CMakeFiles/patrolling.dir/build.make:63: CMakeFiles/patrolling.dir/src/ver1.cpp.o] Error 1
make[1]: *** [CMakeFiles/Makefile2:78: CMakeFiles/patrolling.dir/all] Error 2
make: *** [Makefile:141: all] Error 2
