-- Found ament_cmake: 0.9.12 (/opt/ros/foxy/share/ament_cmake/cmake)
-- Using PYTHON_EXECUTABLE: /usr/bin/python3
-- Found rclcpp: 2.4.3 (/opt/ros/foxy/share/rclcpp/cmake)
-- Using all available rosidl_typesupport_c: rosidl_typesupport_introspection_c;rosidl_typesupport_fastrtps_c
-- Found rosidl_adapter: 1.3.1 (/opt/ros/foxy/share/rosidl_adapter/cmake)
-- Using all available rosidl_typesupport_cpp: rosidl_typesupport_introspection_cpp;rosidl_typesupport_fastrtps_cpp
-- Found rmw_implementation_cmake: 1.0.4 (/opt/ros/foxy/share/rmw_implementation_cmake/cmake)
-- Using RMW implementation 'rmw_fastrtps_cpp' as default
-- Found geometry_msgs: 2.0.5 (/opt/ros/foxy/share/geometry_msgs/cmake)
-- Found ament_lint_auto: 0.9.8 (/home/arnaureig/ros2_foxy/install/ament_lint_auto/share/ament_lint_auto/cmake)
-- Added test 'copyright' to check source files copyright and LICENSE
-- Added test 'cppcheck' to perform static code analysis on C / C++ code
-- Configured cppcheck include dirs: 
-- Configured cppcheck exclude dirs and/or files: 
-- Added test 'cpplint' to check C / C++ code against the Google style
-- Configured cpplint exclude dirs and/or files: 
-- Added test 'lint_cmake' to check CMake code style
-- Added test 'uncrustify' to check C / C++ code style
-- Configured uncrustify additional arguments: 
-- Added test 'xmllint' to check XML markup files
-- Configuring done
-- Generating done
-- Build files have been written to: /home/arnaureig/Documentos/GitHub/IR2121/tb3_ws/build/patrolling
[35m[1mScanning dependencies of target patrolling[0m
[ 50%] [32mBuilding CXX object CMakeFiles/patrolling.dir/src/ver1.cpp.o[0m
[01m[K/home/arnaureig/Documentos/GitHub/IR2121/tb3_ws/src/patrolling/src/ver1.cpp:[m[K In function â€˜[01m[Kint main(int, char**)[m[Kâ€™:
[01m[K/home/arnaureig/Documentos/GitHub/IR2121/tb3_ws/src/patrolling/src/ver1.cpp:43:20:[m[K [01;31m[Kerror: [m[Kredeclaration of â€˜[01m[Krclcpp::WallRate loop_rate[m[Kâ€™
   43 |   rclcpp::WallRate [01;31m[Kloop_rate[m[K(300ms)
      |                    [01;31m[K^~~~~~~~~[m[K
[01m[K/home/arnaureig/Documentos/GitHub/IR2121/tb3_ws/src/patrolling/src/ver1.cpp:22:20:[m[K [01;36m[Knote: [m[Kâ€˜[01m[Krclcpp::WallRate loop_rate[m[Kâ€™ previously declared here
   22 |   rclcpp::WallRate [01;36m[Kloop_rate[m[K(2);
      |                    [01;36m[K^~~~~~~~~[m[K
[01m[K/home/arnaureig/Documentos/GitHub/IR2121/tb3_ws/src/patrolling/src/ver1.cpp:43:30:[m[K [01;31m[Kerror: [m[Kunable to find numeric literal operator â€˜[01m[Koperator""ms[m[Kâ€™
   43 |   rclcpp::WallRate loop_rate([01;31m[K300ms[m[K)
      |                              [01;31m[K^~~~~[m[K
[01m[K/home/arnaureig/Documentos/GitHub/IR2121/tb3_ws/src/patrolling/src/ver1.cpp:42:7:[m[K [01;35m[Kwarning: [m[Kunused variable â€˜[01m[Kcont[m[Kâ€™ [[01;35m[K-Wunused-variable[m[K]
   42 |   int [01;35m[Kcont[m[K = 0;
      |       [01;35m[K^~~~[m[K
make[2]: *** [CMakeFiles/patrolling.dir/build.make:63: CMakeFiles/patrolling.dir/src/ver1.cpp.o] Error 1
make[1]: *** [CMakeFiles/Makefile2:78: CMakeFiles/patrolling.dir/all] Error 2
make: *** [Makefile:141: all] Error 2
