[0.062s] Invoking command in '/home/arnaureig/Documentos/GitHub/IR2121/tb3_ws/build/patrolling': CMAKE_PREFIX_PATH=${CMAKE_PREFIX_PATH}:/home/arnaureig/ros2_foxy/install/ros2bag:/home/arnaureig/ros2_foxy/install/tracetools_launch:/home/arnaureig/ros2_foxy/install/topic_monitor:/home/arnaureig/ros2_foxy/install/examples_tf2_py:/home/arnaureig/ros2_foxy/install/sros2:/home/arnaureig/ros2_foxy/install/rqt_topic:/home/arnaureig/ros2_foxy/install/rqt_top:/home/arnaureig/ros2_foxy/install/rqt_srv:/home/arnaureig/ros2_foxy/install/rqt_shell:/home/arnaureig/ros2_foxy/install/rqt_service_caller:/home/arnaureig/ros2_foxy/install/rqt_reconfigure:/home/arnaureig/ros2_foxy/install/rqt_py_console:/home/arnaureig/ros2_foxy/install/rqt_publisher:/home/arnaureig/ros2_foxy/install/rqt_plot:/home/arnaureig/ros2_foxy/install/rqt_action:/home/arnaureig/ros2_foxy/install/rqt_msg:/home/arnaureig/ros2_foxy/install/rqt_console:/home/arnaureig/ros2_foxy/install/rqt:/home/arnaureig/ros2_foxy/install/rqt_graph:/home/arnaureig/ros2_foxy/install/rqt_gui_py:/home/arnaureig/ros2_foxy/install/rqt_gui:/home/arnaureig/ros2_foxy/install/ros2trace:/home/arnaureig/ros2_foxy/install/ros2topic:/home/arnaureig/ros2_foxy/install/ros2test:/home/arnaureig/ros2_foxy/install/ros2component:/home/arnaureig/ros2_foxy/install/ros2param:/home/arnaureig/ros2_foxy/install/ros2lifecycle:/home/arnaureig/ros2_foxy/install/ros2service:/home/arnaureig/ros2_foxy/install/ros2run:/home/arnaureig/ros2_foxy/install/ros2launch:/home/arnaureig/ros2_foxy/install/ros2pkg:/home/arnaureig/ros2_foxy/install/ros2node:/home/arnaureig/ros2_foxy/install/ros2multicast:/home/arnaureig/ros2_foxy/install/ros2interface:/home/arnaureig/ros2_foxy/install/ros2doctor:/home/arnaureig/ros2_foxy/install/ros2action:/home/arnaureig/ros2_foxy/install/ros2cli:/home/arnaureig/ros2_foxy/install/quality_of_service_demo_py:/home/arnaureig/ros2_foxy/install/launch_testing_ros:/home/arnaureig/ros2_foxy/install/launch_ros:/home/arnaureig/ros2_foxy/install/examples_rclpy_minimal_subscriber:/home/arnaureig/ros2_foxy/install/examples_rclpy_minimal_service:/home/arnaureig/ros2_foxy/install/examples_rclpy_minimal_publisher:/home/arnaureig/ros2_foxy/install/examples_rclpy_minimal_client:/home/arnaureig/ros2_foxy/install/examples_rclpy_minimal_action_server:/home/arnaureig/ros2_foxy/install/examples_rclpy_minimal_action_client:/home/arnaureig/ros2_foxy/install/examples_rclpy_executors:/home/arnaureig/ros2_foxy/install/demo_nodes_py:/home/arnaureig/ros2_foxy/install/action_tutorials_py:/home/arnaureig/ros2_foxy/install/ament_uncrustify:/home/arnaureig/ros2_foxy/install/tracetools_trace:/home/arnaureig/ros2_foxy/install/tracetools_read:/home/arnaureig/ros2_foxy/install/test_launch_ros:/home/arnaureig/ros2_foxy/install/sensor_msgs_py:/home/arnaureig/ros2_foxy/install/rpyutils:/home/arnaureig/ros2_foxy/install/rosidl_runtime_py:/home/arnaureig/ros2_foxy/install/launch_yaml:/home/arnaureig/ros2_foxy/install/launch_xml:/home/arnaureig/ros2_foxy/install/launch_testing:/home/arnaureig/ros2_foxy/install/launch:/home/arnaureig/ros2_foxy/install/osrf_pycommon:/home/arnaureig/ros2_foxy/install/domain_coordinator:/home/arnaureig/ros2_foxy/install/ament_xmllint:/home/arnaureig/ros2_foxy/install/ament_pyflakes:/home/arnaureig/ros2_foxy/install/ament_pycodestyle:/home/arnaureig/ros2_foxy/install/ament_pep257:/home/arnaureig/ros2_foxy/install/ament_pclint:/home/arnaureig/ros2_foxy/install/ament_package:/home/arnaureig/ros2_foxy/install/ament_mypy:/home/arnaureig/ros2_foxy/install/ament_lint_cmake:/home/arnaureig/ros2_foxy/install/ament_flake8:/home/arnaureig/ros2_foxy/install/ament_copyright:/home/arnaureig/ros2_foxy/install/ament_lint:/home/arnaureig/ros2_foxy/install/ament_index_python:/home/arnaureig/ros2_foxy/install/ament_cpplint:/home/arnaureig/ros2_foxy/install/ament_cppcheck:/home/arnaureig/ros2_foxy/install/ament_clang_tidy:/home/arnaureig/ros2_foxy/install/ament_clang_format:/opt/ros/foxy /usr/bin/cmake --build /home/arnaureig/Documentos/GitHub/IR2121/tb3_ws/build/patrolling -- -j6 -l6
[0.118s] -- Found ament_cmake: 0.9.12 (/opt/ros/foxy/share/ament_cmake/cmake)
[0.429s] -- Using PYTHON_EXECUTABLE: /usr/bin/python3
[0.962s] -- Found rclcpp: 2.4.3 (/opt/ros/foxy/share/rclcpp/cmake)
[1.043s] -- Using all available rosidl_typesupport_c: rosidl_typesupport_introspection_c;rosidl_typesupport_fastrtps_c
[1.046s] -- Found rosidl_adapter: 1.3.1 (/opt/ros/foxy/share/rosidl_adapter/cmake)
[1.305s] -- Using all available rosidl_typesupport_cpp: rosidl_typesupport_introspection_cpp;rosidl_typesupport_fastrtps_cpp
[1.349s] -- Found rmw_implementation_cmake: 1.0.4 (/opt/ros/foxy/share/rmw_implementation_cmake/cmake)
[1.375s] -- Using RMW implementation 'rmw_fastrtps_cpp' as default
[1.499s] -- Found geometry_msgs: 2.0.5 (/opt/ros/foxy/share/geometry_msgs/cmake)
[1.549s] -- Found ament_lint_auto: 0.9.8 (/home/arnaureig/ros2_foxy/install/ament_lint_auto/share/ament_lint_auto/cmake)
[1.927s] -- Added test 'copyright' to check source files copyright and LICENSE
[1.927s] -- Added test 'cppcheck' to perform static code analysis on C / C++ code
[1.928s] -- Configured cppcheck include dirs: 
[1.928s] -- Configured cppcheck exclude dirs and/or files: 
[1.928s] -- Added test 'cpplint' to check C / C++ code against the Google style
[1.928s] -- Configured cpplint exclude dirs and/or files: 
[1.928s] -- Added test 'lint_cmake' to check CMake code style
[1.929s] -- Added test 'uncrustify' to check C / C++ code style
[1.929s] -- Configured uncrustify additional arguments: 
[1.929s] -- Added test 'xmllint' to check XML markup files
[1.931s] -- Configuring done
[1.937s] -- Generating done
[1.938s] -- Build files have been written to: /home/arnaureig/Documentos/GitHub/IR2121/tb3_ws/build/patrolling
[2.001s] [35m[1mScanning dependencies of target patrolling[0m
[2.049s] [ 50%] [32mBuilding CXX object CMakeFiles/patrolling.dir/src/ver1.cpp.o[0m
[3.103s] [01m[K/home/arnaureig/Documentos/GitHub/IR2121/tb3_ws/src/patrolling/src/ver1.cpp:[m[K In function â€˜[01m[Kint main(int, char**)[m[Kâ€™:
[3.104s] [01m[K/home/arnaureig/Documentos/GitHub/IR2121/tb3_ws/src/patrolling/src/ver1.cpp:43:20:[m[K [01;31m[Kerror: [m[Kredeclaration of â€˜[01m[Krclcpp::WallRate loop_rate[m[Kâ€™
[3.104s]    43 |   rclcpp::WallRate [01;31m[Kloop_rate[m[K(300ms)
[3.104s]       |                    [01;31m[K^~~~~~~~~[m[K
[3.104s] [01m[K/home/arnaureig/Documentos/GitHub/IR2121/tb3_ws/src/patrolling/src/ver1.cpp:22:20:[m[K [01;36m[Knote: [m[Kâ€˜[01m[Krclcpp::WallRate loop_rate[m[Kâ€™ previously declared here
[3.104s]    22 |   rclcpp::WallRate [01;36m[Kloop_rate[m[K(2);
[3.104s]       |                    [01;36m[K^~~~~~~~~[m[K
[3.104s] [01m[K/home/arnaureig/Documentos/GitHub/IR2121/tb3_ws/src/patrolling/src/ver1.cpp:43:30:[m[K [01;31m[Kerror: [m[Kunable to find numeric literal operator â€˜[01m[Koperator""ms[m[Kâ€™
[3.105s]    43 |   rclcpp::WallRate loop_rate([01;31m[K300ms[m[K)
[3.105s]       |                              [01;31m[K^~~~~[m[K
[3.105s] [01m[K/home/arnaureig/Documentos/GitHub/IR2121/tb3_ws/src/patrolling/src/ver1.cpp:42:7:[m[K [01;35m[Kwarning: [m[Kunused variable â€˜[01m[Kcont[m[Kâ€™ [[01;35m[K-Wunused-variable[m[K]
[3.105s]    42 |   int [01;35m[Kcont[m[K = 0;
[3.105s]       |       [01;35m[K^~~~[m[K
[4.436s] make[2]: *** [CMakeFiles/patrolling.dir/build.make:63: CMakeFiles/patrolling.dir/src/ver1.cpp.o] Error 1
[4.436s] make[1]: *** [CMakeFiles/Makefile2:78: CMakeFiles/patrolling.dir/all] Error 2
[4.436s] make: *** [Makefile:141: all] Error 2
[4.440s] Invoked command in '/home/arnaureig/Documentos/GitHub/IR2121/tb3_ws/build/patrolling' returned '2': CMAKE_PREFIX_PATH=${CMAKE_PREFIX_PATH}:/home/arnaureig/ros2_foxy/install/ros2bag:/home/arnaureig/ros2_foxy/install/tracetools_launch:/home/arnaureig/ros2_foxy/install/topic_monitor:/home/arnaureig/ros2_foxy/install/examples_tf2_py:/home/arnaureig/ros2_foxy/install/sros2:/home/arnaureig/ros2_foxy/install/rqt_topic:/home/arnaureig/ros2_foxy/install/rqt_top:/home/arnaureig/ros2_foxy/install/rqt_srv:/home/arnaureig/ros2_foxy/install/rqt_shell:/home/arnaureig/ros2_foxy/install/rqt_service_caller:/home/arnaureig/ros2_foxy/install/rqt_reconfigure:/home/arnaureig/ros2_foxy/install/rqt_py_console:/home/arnaureig/ros2_foxy/install/rqt_publisher:/home/arnaureig/ros2_foxy/install/rqt_plot:/home/arnaureig/ros2_foxy/install/rqt_action:/home/arnaureig/ros2_foxy/install/rqt_msg:/home/arnaureig/ros2_foxy/install/rqt_console:/home/arnaureig/ros2_foxy/install/rqt:/home/arnaureig/ros2_foxy/install/rqt_graph:/home/arnaureig/ros2_foxy/install/rqt_gui_py:/home/arnaureig/ros2_foxy/install/rqt_gui:/home/arnaureig/ros2_foxy/install/ros2trace:/home/arnaureig/ros2_foxy/install/ros2topic:/home/arnaureig/ros2_foxy/install/ros2test:/home/arnaureig/ros2_foxy/install/ros2component:/home/arnaureig/ros2_foxy/install/ros2param:/home/arnaureig/ros2_foxy/install/ros2lifecycle:/home/arnaureig/ros2_foxy/install/ros2service:/home/arnaureig/ros2_foxy/install/ros2run:/home/arnaureig/ros2_foxy/install/ros2launch:/home/arnaureig/ros2_foxy/install/ros2pkg:/home/arnaureig/ros2_foxy/install/ros2node:/home/arnaureig/ros2_foxy/install/ros2multicast:/home/arnaureig/ros2_foxy/install/ros2interface:/home/arnaureig/ros2_foxy/install/ros2doctor:/home/arnaureig/ros2_foxy/install/ros2action:/home/arnaureig/ros2_foxy/install/ros2cli:/home/arnaureig/ros2_foxy/install/quality_of_service_demo_py:/home/arnaureig/ros2_foxy/install/launch_testing_ros:/home/arnaureig/ros2_foxy/install/launch_ros:/home/arnaureig/ros2_foxy/install/examples_rclpy_minimal_subscriber:/home/arnaureig/ros2_foxy/install/examples_rclpy_minimal_service:/home/arnaureig/ros2_foxy/install/examples_rclpy_minimal_publisher:/home/arnaureig/ros2_foxy/install/examples_rclpy_minimal_client:/home/arnaureig/ros2_foxy/install/examples_rclpy_minimal_action_server:/home/arnaureig/ros2_foxy/install/examples_rclpy_minimal_action_client:/home/arnaureig/ros2_foxy/install/examples_rclpy_executors:/home/arnaureig/ros2_foxy/install/demo_nodes_py:/home/arnaureig/ros2_foxy/install/action_tutorials_py:/home/arnaureig/ros2_foxy/install/ament_uncrustify:/home/arnaureig/ros2_foxy/install/tracetools_trace:/home/arnaureig/ros2_foxy/install/tracetools_read:/home/arnaureig/ros2_foxy/install/test_launch_ros:/home/arnaureig/ros2_foxy/install/sensor_msgs_py:/home/arnaureig/ros2_foxy/install/rpyutils:/home/arnaureig/ros2_foxy/install/rosidl_runtime_py:/home/arnaureig/ros2_foxy/install/launch_yaml:/home/arnaureig/ros2_foxy/install/launch_xml:/home/arnaureig/ros2_foxy/install/launch_testing:/home/arnaureig/ros2_foxy/install/launch:/home/arnaureig/ros2_foxy/install/osrf_pycommon:/home/arnaureig/ros2_foxy/install/domain_coordinator:/home/arnaureig/ros2_foxy/install/ament_xmllint:/home/arnaureig/ros2_foxy/install/ament_pyflakes:/home/arnaureig/ros2_foxy/install/ament_pycodestyle:/home/arnaureig/ros2_foxy/install/ament_pep257:/home/arnaureig/ros2_foxy/install/ament_pclint:/home/arnaureig/ros2_foxy/install/ament_package:/home/arnaureig/ros2_foxy/install/ament_mypy:/home/arnaureig/ros2_foxy/install/ament_lint_cmake:/home/arnaureig/ros2_foxy/install/ament_flake8:/home/arnaureig/ros2_foxy/install/ament_copyright:/home/arnaureig/ros2_foxy/install/ament_lint:/home/arnaureig/ros2_foxy/install/ament_index_python:/home/arnaureig/ros2_foxy/install/ament_cpplint:/home/arnaureig/ros2_foxy/install/ament_cppcheck:/home/arnaureig/ros2_foxy/install/ament_clang_tidy:/home/arnaureig/ros2_foxy/install/ament_clang_format:/opt/ros/foxy /usr/bin/cmake --build /home/arnaureig/Documentos/GitHub/IR2121/tb3_ws/build/patrolling -- -j6 -l6
