[0.026s] Invoking command in '/home/usuario/Documentos/GitHub/IR2121/tb3_ws/build/patrolling': CMAKE_PREFIX_PATH=/opt/ros/foxy /usr/bin/cmake /home/usuario/Documentos/GitHub/IR2121/tb3_ws/src/patrolling -DCMAKE_INSTALL_PREFIX=/home/usuario/Documentos/GitHub/IR2121/tb3_ws/install/patrolling
[0.474s] -- The C compiler identification is GNU 9.4.0
[0.858s] -- The CXX compiler identification is GNU 9.4.0
[0.878s] -- Check for working C compiler: /usr/bin/cc
[1.236s] -- Check for working C compiler: /usr/bin/cc -- works
[1.242s] -- Detecting C compiler ABI info
[1.586s] -- Detecting C compiler ABI info - done
[1.619s] -- Detecting C compile features
[1.620s] -- Detecting C compile features - done
[1.632s] -- Check for working CXX compiler: /usr/bin/c++
[1.930s] -- Check for working CXX compiler: /usr/bin/c++ -- works
[1.938s] -- Detecting CXX compiler ABI info
[2.241s] -- Detecting CXX compiler ABI info - done
[2.277s] -- Detecting CXX compile features
[2.278s] -- Detecting CXX compile features - done
[2.294s] -- Found ament_cmake: 0.9.12 (/opt/ros/foxy/share/ament_cmake/cmake)
[2.330s] -- Found PythonInterp: /usr/bin/python3 (found suitable version "3.8.10", minimum required is "3") 
[2.331s] -- Using PYTHON_EXECUTABLE: /usr/bin/python3
[2.575s] -- Found rclcpp: 2.4.3 (/opt/ros/foxy/share/rclcpp/cmake)
[2.632s] -- Using all available rosidl_typesupport_c: rosidl_typesupport_fastrtps_c;rosidl_typesupport_introspection_c
[2.641s] -- Found rosidl_adapter: 1.3.1 (/opt/ros/foxy/share/rosidl_adapter/cmake)
[2.747s] -- Found OpenSSL: /usr/lib/x86_64-linux-gnu/libcrypto.so (found version "1.1.1f")  
[2.777s] -- Found FastRTPS: /opt/ros/foxy/include  
[2.854s] -- Using all available rosidl_typesupport_cpp: rosidl_typesupport_fastrtps_cpp;rosidl_typesupport_introspection_cpp
[2.913s] -- Found rmw_implementation_cmake: 1.0.4 (/opt/ros/foxy/share/rmw_implementation_cmake/cmake)
[2.915s] -- Using RMW implementation 'rmw_fastrtps_cpp' as default
[2.926s] -- Looking for pthread.h
[3.224s] -- Looking for pthread.h - found
[3.232s] -- Performing Test CMAKE_HAVE_LIBC_PTHREAD
[3.569s] -- Performing Test CMAKE_HAVE_LIBC_PTHREAD - Failed
[3.569s] -- Looking for pthread_create in pthreads
[3.700s] -- Looking for pthread_create in pthreads - not found
[3.704s] -- Looking for pthread_create in pthread
[4.019s] -- Looking for pthread_create in pthread - found
[4.031s] -- Found Threads: TRUE  
[4.169s] -- Found geometry_msgs: 2.0.5 (/opt/ros/foxy/share/geometry_msgs/cmake)
[4.200s] -- Found ament_lint_auto: 0.9.8 (/opt/ros/foxy/share/ament_lint_auto/cmake)
[4.335s] -- Added test 'copyright' to check source files copyright and LICENSE
[4.336s] -- Added test 'cppcheck' to perform static code analysis on C / C++ code
[4.336s] -- Configured cppcheck include dirs: 
[4.336s] -- Configured cppcheck exclude dirs and/or files: 
[4.337s] -- Added test 'cpplint' to check C / C++ code against the Google style
[4.337s] -- Configured cpplint exclude dirs and/or files: 
[4.338s] -- Added test 'lint_cmake' to check CMake code style
[4.339s] -- Added test 'uncrustify' to check C / C++ code style
[4.339s] -- Configured uncrustify additional arguments: 
[4.339s] -- Added test 'xmllint' to check XML markup files
[4.360s] -- Configuring done
[4.368s] -- Generating done
[4.384s] -- Build files have been written to: /home/usuario/Documentos/GitHub/IR2121/tb3_ws/build/patrolling
[4.392s] Invoked command in '/home/usuario/Documentos/GitHub/IR2121/tb3_ws/build/patrolling' returned '0': CMAKE_PREFIX_PATH=/opt/ros/foxy /usr/bin/cmake /home/usuario/Documentos/GitHub/IR2121/tb3_ws/src/patrolling -DCMAKE_INSTALL_PREFIX=/home/usuario/Documentos/GitHub/IR2121/tb3_ws/install/patrolling
[4.401s] Invoking command in '/home/usuario/Documentos/GitHub/IR2121/tb3_ws/build/patrolling': CMAKE_PREFIX_PATH=/opt/ros/foxy /usr/bin/cmake --build /home/usuario/Documentos/GitHub/IR2121/tb3_ws/build/patrolling -- -j6 -l6
[4.515s] [35m[1mScanning dependencies of target patrolling[0m
[4.676s] [ 50%] [32mBuilding CXX object CMakeFiles/patrolling.dir/src/ver1.cpp.o[0m
[7.289s] make[2]: *** Se borra el archivo 'CMakeFiles/patrolling.dir/src/ver1.cpp.o'
[7.289s] make[2]: *** [CMakeFiles/patrolling.dir/build.make:63: CMakeFiles/patrolling.dir/src/ver1.cpp.o] Interrupci√≥n
[7.289s] make[1]: *** [CMakeFiles/Makefile2:78: CMakeFiles/patrolling.dir/all] Interrupci√≥n
[7.289s] make: *** [Makefile:141: all] Interrupci√≥n
[7.290s] Invoked command in '/home/usuario/Documentos/GitHub/IR2121/tb3_ws/build/patrolling' returned '-2': CMAKE_PREFIX_PATH=/opt/ros/foxy /usr/bin/cmake --build /home/usuario/Documentos/GitHub/IR2121/tb3_ws/build/patrolling -- -j6 -l6
